2018-12-16 20:28:11.076 [info] <0.43.0> Application lager started on node nonode@nohost
2018-12-16 20:28:11.080 [info] <0.43.0> Application types started on node nonode@nohost
2018-12-16 20:28:11.082 [info] <0.43.0> Application acceptor_pool started on node nonode@nohost
2018-12-16 20:28:11.083 [info] <0.43.0> Application rand_compat started on node nonode@nohost
2018-12-16 20:28:11.084 [info] <0.43.0> Application quickrand started on node nonode@nohost
2018-12-16 20:28:11.084 [info] <0.43.0> Application uuid started on node nonode@nohost
2018-12-16 20:28:11.087 [info] <0.396.0>@partisan_config:init:50 Distributed Erlang is not enabled, generating UUID.
2018-12-16 20:28:11.094 [info] <0.396.0>@partisan_config:init:53 Generated UUID: <<41,88,233,248,1,180,17,233,155,29,16,251,187,228,99,106>>, converting to string.
2018-12-16 20:28:11.094 [info] <0.396.0>@partisan_config:init:56 Generated name for node: '2958e9f8-01b4-11e9-9b1d-10fbbbe4636a@127.0.0.1'
2018-12-16 20:28:11.099 [info] <0.398.0>@partisan_config:get_node_address:187 Resolving "127.0.0.1"...
2018-12-16 20:28:11.101 [info] <0.398.0>@partisan_config:get_node_address:190 Resolved "2958e9f8-01b4-11e9-9b1d-10fbbbe4636a@127.0.0.1" to {127,0,0,1}
2018-12-16 20:28:11.101 [info] <0.396.0>@partisan_config:get_node_address:207 Resolved "127.0.0.1" to {127,0,0,1}
2018-12-16 20:28:11.156 [info] <0.396.0>@partisan_sup:init:64 Partisan listening on {127,0,0,1}:43535 listen_addrs: [#{ip => {127,0,0,1},port => 43535}]
2018-12-16 20:28:11.196 [info] <0.43.0> Application partisan started on node nonode@nohost
2018-12-16 20:28:11.199 [info] <0.43.0> Application gen_flow started on node nonode@nohost
2018-12-16 20:28:11.272 [info] <0.43.0> Application sasl started on node nonode@nohost
2018-12-16 20:28:11.276 [info] <0.43.0> Application time_compat started on node nonode@nohost
2018-12-16 20:28:11.278 [info] <0.43.0> Application lasp_support started on node nonode@nohost
2018-12-16 20:28:11.301 [info] <0.43.0> Application plumtree started on node nonode@nohost
2018-12-16 20:28:11.311 [info] <0.476.0>@lasp_sup:configure_defaults:219 Setting jitter: false
2018-12-16 20:28:11.322 [info] <0.476.0>@lasp_sup:configure_defaults:224 Setting jitter percent: 1
2018-12-16 20:28:11.326 [info] <0.476.0>@lasp_sup:configure_defaults:229 Setting tutorial: false
2018-12-16 20:28:11.329 [info] <0.476.0>@lasp_sup:configure_defaults:234 Setting event interval: 0
2018-12-16 20:28:11.331 [info] <0.476.0>@lasp_sup:configure_defaults:239 Setting max events: 1000
2018-12-16 20:28:11.334 [info] <0.476.0>@lasp_sup:configure_defaults:244 Setting extended logging: false
2018-12-16 20:28:11.337 [info] <0.476.0>@lasp_sup:configure_defaults:249 Setting mailbox logging: false
2018-12-16 20:28:11.341 [info] <0.476.0>@lasp_sup:configure_defaults:254 Setting operation mode: state_based
2018-12-16 20:28:11.344 [info] <0.476.0>@lasp_sup:configure_defaults:259 Setting set type: orset
2018-12-16 20:28:11.347 [info] <0.476.0>@lasp_sup:configure_defaults:272 Setting broadcast: false
2018-12-16 20:28:11.376 [info] <0.476.0>@lasp_sup:init:88 Membership: false
2018-12-16 20:28:11.378 [info] <0.476.0>@lasp_sup:init:106 Workflow: false
2018-12-16 20:28:11.384 [info] <0.476.0>@lasp_sup:advertisement_counter_child_specs:393 AdClientEnabled: false
2018-12-16 20:28:11.387 [info] <0.476.0>@lasp_sup:advertisement_counter_child_specs:426 AdServerEnabled: false
2018-12-16 20:28:11.388 [info] <0.476.0>@lasp_sup:game_tournament_child_specs:456 TournClientEnabled: false
2018-12-16 20:28:11.390 [info] <0.476.0>@lasp_sup:game_tournament_child_specs:475 TournServerEnabled: false
2018-12-16 20:28:11.391 [info] <0.476.0>@lasp_sup:throughput_child_specs:498 ThroughputType: gset
2018-12-16 20:28:11.392 [info] <0.476.0>@lasp_sup:throughput_child_specs:506 ThroughputClientEnabled: false
2018-12-16 20:28:11.394 [info] <0.476.0>@lasp_sup:throughput_child_specs:525 ThroughputServerEnabled: false
2018-12-16 20:28:11.395 [info] <0.476.0>@lasp_sup:divergence_child_specs:548 DivergenceType: gcounter
2018-12-16 20:28:11.397 [info] <0.476.0>@lasp_sup:divergence_child_specs:556 DivergenceClientEnabled: false
2018-12-16 20:28:11.398 [info] <0.476.0>@lasp_sup:divergence_child_specs:575 DivergenceServerEnabled: false
2018-12-16 20:28:11.418 [info] <0.526.0>@lasp_ets_storage_backend:init:106 Backend initialized with pid: <0.526.0>
2018-12-16 20:28:11.418 [info] <0.525.0>@lasp_storage_backend:init:121 Backend lasp_ets_storage_backend initialized: <0.526.0>
2018-12-16 20:28:11.420 [info] <0.43.0> Application lasp started on node nonode@nohost
2018-12-16 20:28:11.422 [info] <0.43.0> Application file_system started on node nonode@nohost
2018-12-16 20:28:11.430 [info] <0.43.0> Application phoenix_live_reload started on node nonode@nohost
2018-12-16 20:28:11.431 [info] <0.43.0> Application phoenix_html started on node nonode@nohost
2018-12-16 20:28:11.433 [info] <0.43.0> Application plug_cowboy started on node nonode@nohost
2018-12-16 20:28:11.435 [error] <0.542.0>@lasp:start_link CRASH REPORT Process <0.542.0> with 0 neighbours exited with reason: call to undefined function lasp:start_link() in application_master:init/4 line 138
2018-12-16 20:28:23.809 [info] <0.43.0> Application lager started on node nonode@nohost
2018-12-16 20:28:23.813 [info] <0.43.0> Application types started on node nonode@nohost
2018-12-16 20:28:23.814 [info] <0.43.0> Application acceptor_pool started on node nonode@nohost
2018-12-16 20:28:23.816 [info] <0.43.0> Application rand_compat started on node nonode@nohost
2018-12-16 20:28:23.817 [info] <0.43.0> Application quickrand started on node nonode@nohost
2018-12-16 20:28:23.817 [info] <0.43.0> Application uuid started on node nonode@nohost
2018-12-16 20:28:23.820 [info] <0.296.0>@partisan_config:init:50 Distributed Erlang is not enabled, generating UUID.
2018-12-16 20:28:23.827 [info] <0.296.0>@partisan_config:init:53 Generated UUID: <<48,239,214,244,1,180,17,233,138,7,16,251,50,109,14,145>>, converting to string.
2018-12-16 20:28:23.827 [info] <0.296.0>@partisan_config:init:56 Generated name for node: '30efd6f4-01b4-11e9-8a07-10fb326d0e91@127.0.0.1'
2018-12-16 20:28:23.830 [info] <0.298.0>@partisan_config:get_node_address:187 Resolving "127.0.0.1"...
2018-12-16 20:28:23.831 [info] <0.298.0>@partisan_config:get_node_address:190 Resolved "30efd6f4-01b4-11e9-8a07-10fb326d0e91@127.0.0.1" to {127,0,0,1}
2018-12-16 20:28:23.832 [info] <0.296.0>@partisan_config:get_node_address:207 Resolved "127.0.0.1" to {127,0,0,1}
2018-12-16 20:28:23.891 [info] <0.296.0>@partisan_sup:init:64 Partisan listening on {127,0,0,1}:39873 listen_addrs: [#{ip => {127,0,0,1},port => 39873}]
2018-12-16 20:28:23.923 [info] <0.43.0> Application partisan started on node nonode@nohost
2018-12-16 20:28:23.927 [info] <0.43.0> Application gen_flow started on node nonode@nohost
2018-12-16 20:28:23.936 [info] <0.43.0> Application sasl started on node nonode@nohost
2018-12-16 20:28:23.937 [info] <0.43.0> Application time_compat started on node nonode@nohost
2018-12-16 20:28:23.938 [info] <0.43.0> Application lasp_support started on node nonode@nohost
2018-12-16 20:28:23.943 [info] <0.43.0> Application plumtree started on node nonode@nohost
2018-12-16 20:28:23.946 [info] <0.376.0>@lasp_sup:configure_defaults:219 Setting jitter: false
2018-12-16 20:28:23.949 [info] <0.376.0>@lasp_sup:configure_defaults:224 Setting jitter percent: 1
2018-12-16 20:28:23.950 [info] <0.376.0>@lasp_sup:configure_defaults:229 Setting tutorial: false
2018-12-16 20:28:23.954 [info] <0.376.0>@lasp_sup:configure_defaults:234 Setting event interval: 0
2018-12-16 20:28:23.956 [info] <0.376.0>@lasp_sup:configure_defaults:239 Setting max events: 1000
2018-12-16 20:28:23.957 [info] <0.376.0>@lasp_sup:configure_defaults:244 Setting extended logging: false
2018-12-16 20:28:23.958 [info] <0.376.0>@lasp_sup:configure_defaults:249 Setting mailbox logging: false
2018-12-16 20:28:23.960 [info] <0.376.0>@lasp_sup:configure_defaults:254 Setting operation mode: state_based
2018-12-16 20:28:23.961 [info] <0.376.0>@lasp_sup:configure_defaults:259 Setting set type: orset
2018-12-16 20:28:23.963 [info] <0.376.0>@lasp_sup:configure_defaults:272 Setting broadcast: false
2018-12-16 20:28:23.991 [info] <0.376.0>@lasp_sup:init:88 Membership: false
2018-12-16 20:28:23.992 [info] <0.376.0>@lasp_sup:init:106 Workflow: false
2018-12-16 20:28:23.998 [info] <0.376.0>@lasp_sup:advertisement_counter_child_specs:393 AdClientEnabled: false
2018-12-16 20:28:24.000 [info] <0.376.0>@lasp_sup:advertisement_counter_child_specs:426 AdServerEnabled: false
2018-12-16 20:28:24.002 [info] <0.376.0>@lasp_sup:game_tournament_child_specs:456 TournClientEnabled: false
2018-12-16 20:28:24.005 [info] <0.376.0>@lasp_sup:game_tournament_child_specs:475 TournServerEnabled: false
2018-12-16 20:28:24.007 [info] <0.376.0>@lasp_sup:throughput_child_specs:498 ThroughputType: gset
2018-12-16 20:28:24.008 [info] <0.376.0>@lasp_sup:throughput_child_specs:506 ThroughputClientEnabled: false
2018-12-16 20:28:24.009 [info] <0.376.0>@lasp_sup:throughput_child_specs:525 ThroughputServerEnabled: false
2018-12-16 20:28:24.011 [info] <0.376.0>@lasp_sup:divergence_child_specs:548 DivergenceType: gcounter
2018-12-16 20:28:24.012 [info] <0.376.0>@lasp_sup:divergence_child_specs:556 DivergenceClientEnabled: false
2018-12-16 20:28:24.014 [info] <0.376.0>@lasp_sup:divergence_child_specs:575 DivergenceServerEnabled: false
2018-12-16 20:28:24.033 [info] <0.426.0>@lasp_ets_storage_backend:init:106 Backend initialized with pid: <0.426.0>
2018-12-16 20:28:24.033 [info] <0.425.0>@lasp_storage_backend:init:121 Backend lasp_ets_storage_backend initialized: <0.426.0>
2018-12-16 20:28:24.043 [info] <0.43.0> Application lasp started on node nonode@nohost
2018-12-16 20:28:24.045 [info] <0.43.0> Application file_system started on node nonode@nohost
2018-12-16 20:28:24.062 [info] <0.43.0> Application phoenix_live_reload started on node nonode@nohost
2018-12-16 20:28:24.063 [info] <0.43.0> Application phoenix_html started on node nonode@nohost
2018-12-16 20:28:24.065 [info] <0.43.0> Application plug_cowboy started on node nonode@nohost
2018-12-16 20:28:24.139 [error] <0.457.0> Failed to start Ranch listener 'Elixir.WebsheetsWeb.Endpoint.HTTP' in ranch_tcp:listen([{port,4000}]) for reason eaddrinuse (address already in use)
2018-12-16 20:28:24.164 [error] <0.455.0> Supervisor {<0.455.0>,ranch_listener_sup} had child ranch_acceptors_sup started with ranch_acceptors_sup:start_link('Elixir.WebsheetsWeb.Endpoint.HTTP', 100, ranch_tcp, [{max_connections,16384},{port,4000}]) at undefined exit with reason {listen_error,'Elixir.WebsheetsWeb.Endpoint.HTTP',eaddrinuse} in context start_error
2018-12-16 20:28:37.190 [info] <0.43.0> Application lager started on node nonode@nohost
2018-12-16 20:28:37.194 [info] <0.43.0> Application types started on node nonode@nohost
2018-12-16 20:28:37.195 [info] <0.43.0> Application acceptor_pool started on node nonode@nohost
2018-12-16 20:28:37.196 [info] <0.43.0> Application rand_compat started on node nonode@nohost
2018-12-16 20:28:37.198 [info] <0.43.0> Application quickrand started on node nonode@nohost
2018-12-16 20:28:37.198 [info] <0.43.0> Application uuid started on node nonode@nohost
2018-12-16 20:28:37.200 [info] <0.287.0>@partisan_config:init:50 Distributed Erlang is not enabled, generating UUID.
2018-12-16 20:28:37.208 [info] <0.287.0>@partisan_config:init:53 Generated UUID: <<56,233,156,40,1,180,17,233,190,239,16,251,34,80,245,23>>, converting to string.
2018-12-16 20:28:37.208 [info] <0.287.0>@partisan_config:init:56 Generated name for node: '38e99c28-01b4-11e9-beef-10fb2250f517@127.0.0.1'
2018-12-16 20:28:37.211 [info] <0.289.0>@partisan_config:get_node_address:187 Resolving "127.0.0.1"...
2018-12-16 20:28:37.213 [info] <0.289.0>@partisan_config:get_node_address:190 Resolved "38e99c28-01b4-11e9-beef-10fb2250f517@127.0.0.1" to {127,0,0,1}
2018-12-16 20:28:37.213 [info] <0.287.0>@partisan_config:get_node_address:207 Resolved "127.0.0.1" to {127,0,0,1}
2018-12-16 20:28:37.259 [info] <0.287.0>@partisan_sup:init:64 Partisan listening on {127,0,0,1}:42871 listen_addrs: [#{ip => {127,0,0,1},port => 42871}]
2018-12-16 20:28:37.284 [info] <0.43.0> Application partisan started on node nonode@nohost
2018-12-16 20:28:37.288 [info] <0.43.0> Application gen_flow started on node nonode@nohost
2018-12-16 20:28:37.297 [info] <0.43.0> Application sasl started on node nonode@nohost
2018-12-16 20:28:37.298 [info] <0.43.0> Application time_compat started on node nonode@nohost
2018-12-16 20:28:37.299 [info] <0.43.0> Application lasp_support started on node nonode@nohost
2018-12-16 20:28:37.304 [info] <0.43.0> Application plumtree started on node nonode@nohost
2018-12-16 20:28:37.306 [info] <0.367.0>@lasp_sup:configure_defaults:219 Setting jitter: false
2018-12-16 20:28:37.309 [info] <0.367.0>@lasp_sup:configure_defaults:224 Setting jitter percent: 1
2018-12-16 20:28:37.310 [info] <0.367.0>@lasp_sup:configure_defaults:229 Setting tutorial: false
2018-12-16 20:28:37.311 [info] <0.367.0>@lasp_sup:configure_defaults:234 Setting event interval: 0
2018-12-16 20:28:37.312 [info] <0.367.0>@lasp_sup:configure_defaults:239 Setting max events: 1000
2018-12-16 20:28:37.314 [info] <0.367.0>@lasp_sup:configure_defaults:244 Setting extended logging: false
2018-12-16 20:28:37.315 [info] <0.367.0>@lasp_sup:configure_defaults:249 Setting mailbox logging: false
2018-12-16 20:28:37.316 [info] <0.367.0>@lasp_sup:configure_defaults:254 Setting operation mode: state_based
2018-12-16 20:28:37.317 [info] <0.367.0>@lasp_sup:configure_defaults:259 Setting set type: orset
2018-12-16 20:28:37.321 [info] <0.367.0>@lasp_sup:configure_defaults:272 Setting broadcast: false
2018-12-16 20:28:37.344 [info] <0.367.0>@lasp_sup:init:88 Membership: false
2018-12-16 20:28:37.345 [info] <0.367.0>@lasp_sup:init:106 Workflow: false
2018-12-16 20:28:37.350 [info] <0.367.0>@lasp_sup:advertisement_counter_child_specs:393 AdClientEnabled: false
2018-12-16 20:28:37.353 [info] <0.367.0>@lasp_sup:advertisement_counter_child_specs:426 AdServerEnabled: false
2018-12-16 20:28:37.354 [info] <0.367.0>@lasp_sup:game_tournament_child_specs:456 TournClientEnabled: false
2018-12-16 20:28:37.356 [info] <0.367.0>@lasp_sup:game_tournament_child_specs:475 TournServerEnabled: false
2018-12-16 20:28:37.357 [info] <0.367.0>@lasp_sup:throughput_child_specs:498 ThroughputType: gset
2018-12-16 20:28:37.358 [info] <0.367.0>@lasp_sup:throughput_child_specs:506 ThroughputClientEnabled: false
2018-12-16 20:28:37.360 [info] <0.367.0>@lasp_sup:throughput_child_specs:525 ThroughputServerEnabled: false
2018-12-16 20:28:37.361 [info] <0.367.0>@lasp_sup:divergence_child_specs:548 DivergenceType: gcounter
2018-12-16 20:28:37.362 [info] <0.367.0>@lasp_sup:divergence_child_specs:556 DivergenceClientEnabled: false
2018-12-16 20:28:37.364 [info] <0.367.0>@lasp_sup:divergence_child_specs:575 DivergenceServerEnabled: false
2018-12-16 20:28:37.378 [info] <0.417.0>@lasp_ets_storage_backend:init:106 Backend initialized with pid: <0.417.0>
2018-12-16 20:28:37.378 [info] <0.416.0>@lasp_storage_backend:init:121 Backend lasp_ets_storage_backend initialized: <0.417.0>
2018-12-16 20:28:37.380 [info] <0.43.0> Application lasp started on node nonode@nohost
2018-12-16 20:28:37.382 [info] <0.43.0> Application file_system started on node nonode@nohost
2018-12-16 20:28:37.390 [info] <0.43.0> Application phoenix_live_reload started on node nonode@nohost
2018-12-16 20:28:37.390 [info] <0.43.0> Application phoenix_html started on node nonode@nohost
2018-12-16 20:28:37.391 [info] <0.43.0> Application plug_cowboy started on node nonode@nohost
2018-12-16 20:28:38.243 [warning] <0.267.0> lager_error_logger_h dropped 110 messages in the last second that exceeded the limit of 50 messages/sec
2018-12-19 21:22:29.396 [info] <0.43.0> Application lager started on node nonode@nohost
2018-12-19 21:22:29.401 [info] <0.43.0> Application types started on node nonode@nohost
2018-12-19 21:22:29.403 [info] <0.43.0> Application acceptor_pool started on node nonode@nohost
2018-12-19 21:22:29.404 [info] <0.43.0> Application rand_compat started on node nonode@nohost
2018-12-19 21:22:29.405 [info] <0.43.0> Application quickrand started on node nonode@nohost
2018-12-19 21:22:29.405 [info] <0.43.0> Application uuid started on node nonode@nohost
2018-12-19 21:22:29.409 [info] <0.300.0>@partisan_config:init:50 Distributed Erlang is not enabled, generating UUID.
2018-12-19 21:22:29.415 [info] <0.300.0>@partisan_config:init:53 Generated UUID: <<62,178,142,82,4,23,17,233,150,98,16,251,215,199,20,30>>, converting to string.
2018-12-19 21:22:29.415 [info] <0.300.0>@partisan_config:init:56 Generated name for node: '3eb28e52-0417-11e9-9662-10fbd7c7141e@127.0.0.1'
2018-12-19 21:22:29.420 [info] <0.302.0>@partisan_config:get_node_address:187 Resolving "127.0.0.1"...
2018-12-19 21:22:29.421 [info] <0.302.0>@partisan_config:get_node_address:190 Resolved "3eb28e52-0417-11e9-9662-10fbd7c7141e@127.0.0.1" to {127,0,0,1}
2018-12-19 21:22:29.421 [info] <0.300.0>@partisan_config:get_node_address:207 Resolved "127.0.0.1" to {127,0,0,1}
2018-12-19 21:22:29.490 [info] <0.300.0>@partisan_sup:init:64 Partisan listening on {127,0,0,1}:35303 listen_addrs: [#{ip => {127,0,0,1},port => 35303}]
2018-12-19 21:22:29.575 [info] <0.43.0> Application partisan started on node nonode@nohost
2018-12-19 21:22:29.580 [info] <0.43.0> Application gen_flow started on node nonode@nohost
2018-12-19 21:22:29.691 [info] <0.43.0> Application sasl started on node nonode@nohost
2018-12-19 21:22:29.694 [info] <0.43.0> Application time_compat started on node nonode@nohost
2018-12-19 21:22:29.697 [info] <0.43.0> Application lasp_support started on node nonode@nohost
2018-12-19 21:22:29.721 [info] <0.43.0> Application plumtree started on node nonode@nohost
2018-12-19 21:22:29.744 [info] <0.380.0>@lasp_sup:configure_defaults:219 Setting jitter: false
2018-12-19 21:22:29.749 [info] <0.380.0>@lasp_sup:configure_defaults:224 Setting jitter percent: 1
2018-12-19 21:22:29.751 [info] <0.380.0>@lasp_sup:configure_defaults:229 Setting tutorial: false
2018-12-19 21:22:29.753 [info] <0.380.0>@lasp_sup:configure_defaults:234 Setting event interval: 0
2018-12-19 21:22:29.756 [info] <0.380.0>@lasp_sup:configure_defaults:239 Setting max events: 1000
2018-12-19 21:22:29.758 [info] <0.380.0>@lasp_sup:configure_defaults:244 Setting extended logging: false
2018-12-19 21:22:29.760 [info] <0.380.0>@lasp_sup:configure_defaults:249 Setting mailbox logging: false
2018-12-19 21:22:29.762 [info] <0.380.0>@lasp_sup:configure_defaults:254 Setting operation mode: state_based
2018-12-19 21:22:29.764 [info] <0.380.0>@lasp_sup:configure_defaults:259 Setting set type: orset
2018-12-19 21:22:29.766 [info] <0.380.0>@lasp_sup:configure_defaults:272 Setting broadcast: false
2018-12-19 21:22:29.797 [info] <0.380.0>@lasp_sup:init:88 Membership: false
2018-12-19 21:22:29.799 [info] <0.380.0>@lasp_sup:init:106 Workflow: false
2018-12-19 21:22:29.804 [info] <0.380.0>@lasp_sup:advertisement_counter_child_specs:393 AdClientEnabled: false
2018-12-19 21:22:29.807 [info] <0.380.0>@lasp_sup:advertisement_counter_child_specs:426 AdServerEnabled: false
2018-12-19 21:22:29.808 [info] <0.380.0>@lasp_sup:game_tournament_child_specs:456 TournClientEnabled: false
2018-12-19 21:22:29.809 [info] <0.380.0>@lasp_sup:game_tournament_child_specs:475 TournServerEnabled: false
2018-12-19 21:22:29.811 [info] <0.380.0>@lasp_sup:throughput_child_specs:498 ThroughputType: gset
2018-12-19 21:22:29.812 [info] <0.380.0>@lasp_sup:throughput_child_specs:506 ThroughputClientEnabled: false
2018-12-19 21:22:29.813 [info] <0.380.0>@lasp_sup:throughput_child_specs:525 ThroughputServerEnabled: false
2018-12-19 21:22:29.815 [info] <0.380.0>@lasp_sup:divergence_child_specs:548 DivergenceType: gcounter
2018-12-19 21:22:29.816 [info] <0.380.0>@lasp_sup:divergence_child_specs:556 DivergenceClientEnabled: false
2018-12-19 21:22:29.817 [info] <0.380.0>@lasp_sup:divergence_child_specs:575 DivergenceServerEnabled: false
2018-12-19 21:22:29.854 [info] <0.430.0>@lasp_ets_storage_backend:init:106 Backend initialized with pid: <0.430.0>
2018-12-19 21:22:29.854 [info] <0.429.0>@lasp_storage_backend:init:121 Backend lasp_ets_storage_backend initialized: <0.430.0>
2018-12-19 21:22:29.859 [info] <0.43.0> Application lasp started on node nonode@nohost
2018-12-19 21:22:29.861 [info] <0.43.0> Application file_system started on node nonode@nohost
2018-12-19 21:22:29.886 [info] <0.43.0> Application phoenix_live_reload started on node nonode@nohost
2018-12-19 21:22:29.887 [info] <0.43.0> Application phoenix_html started on node nonode@nohost
2018-12-19 21:22:29.892 [info] <0.43.0> Application plug_cowboy started on node nonode@nohost
2018-12-19 21:22:31.103 [warning] <0.280.0> lager_error_logger_h dropped 66 messages in the last second that exceeded the limit of 50 messages/sec
2018-12-19 21:22:51.982 [error] <0.570.0>@Elixir.WebsheetsWeb.UpdateChannel:handle_in:15 gen_server <0.570.0> terminated with reason: no function clause matching 'Elixir.WebsheetsWeb.UpdateChannel':handle_in(<<"client_update">>, #{<<"body">> => <<"2">>,<<"input_id">> => <<"i1,0">>}, #{'__struct__' => 'Elixir.Phoenix.Socket',assigns => #{},channel => 'Elixir.WebsheetsWeb.UpdateChannel',...}) line 15
2018-12-19 21:22:52.020 [error] <0.570.0>@Elixir.WebsheetsWeb.UpdateChannel:handle_in:15 CRASH REPORT Process <0.570.0> with 0 neighbours crashed with reason: no function clause matching 'Elixir.WebsheetsWeb.UpdateChannel':handle_in(<<"client_update">>, #{<<"body">> => <<"2">>,<<"input_id">> => <<"i1,0">>}, #{'__struct__' => 'Elixir.Phoenix.Socket',assigns => #{},channel => 'Elixir.WebsheetsWeb.UpdateChannel',...}) line 15
2018-12-19 21:24:19.300 [info] <0.43.0> Application lager started on node nonode@nohost
2018-12-19 21:24:19.304 [info] <0.43.0> Application types started on node nonode@nohost
2018-12-19 21:24:19.306 [info] <0.43.0> Application acceptor_pool started on node nonode@nohost
2018-12-19 21:24:19.307 [info] <0.43.0> Application rand_compat started on node nonode@nohost
2018-12-19 21:24:19.308 [info] <0.43.0> Application quickrand started on node nonode@nohost
2018-12-19 21:24:19.308 [info] <0.43.0> Application uuid started on node nonode@nohost
2018-12-19 21:24:19.311 [info] <0.299.0>@partisan_config:init:50 Distributed Erlang is not enabled, generating UUID.
2018-12-19 21:24:19.318 [info] <0.299.0>@partisan_config:init:53 Generated UUID: <<128,52,75,144,4,23,17,233,162,15,16,251,207,37,14,59>>, converting to string.
2018-12-19 21:24:19.318 [info] <0.299.0>@partisan_config:init:56 Generated name for node: '80344b90-0417-11e9-a20f-10fbcf250e3b@127.0.0.1'
2018-12-19 21:24:19.323 [info] <0.301.0>@partisan_config:get_node_address:187 Resolving "127.0.0.1"...
2018-12-19 21:24:19.325 [info] <0.301.0>@partisan_config:get_node_address:190 Resolved "80344b90-0417-11e9-a20f-10fbcf250e3b@127.0.0.1" to {127,0,0,1}
2018-12-19 21:24:19.325 [info] <0.299.0>@partisan_config:get_node_address:207 Resolved "127.0.0.1" to {127,0,0,1}
2018-12-19 21:24:19.379 [info] <0.299.0>@partisan_sup:init:64 Partisan listening on {127,0,0,1}:43079 listen_addrs: [#{ip => {127,0,0,1},port => 43079}]
2018-12-19 21:24:19.410 [info] <0.43.0> Application partisan started on node nonode@nohost
2018-12-19 21:24:19.414 [info] <0.43.0> Application gen_flow started on node nonode@nohost
2018-12-19 21:24:19.422 [info] <0.43.0> Application sasl started on node nonode@nohost
2018-12-19 21:24:19.423 [info] <0.43.0> Application time_compat started on node nonode@nohost
2018-12-19 21:24:19.424 [info] <0.43.0> Application lasp_support started on node nonode@nohost
2018-12-19 21:24:19.430 [info] <0.43.0> Application plumtree started on node nonode@nohost
2018-12-19 21:24:19.433 [info] <0.379.0>@lasp_sup:configure_defaults:219 Setting jitter: false
2018-12-19 21:24:19.437 [info] <0.379.0>@lasp_sup:configure_defaults:224 Setting jitter percent: 1
2018-12-19 21:24:19.440 [info] <0.379.0>@lasp_sup:configure_defaults:229 Setting tutorial: false
2018-12-19 21:24:19.441 [info] <0.379.0>@lasp_sup:configure_defaults:234 Setting event interval: 0
2018-12-19 21:24:19.442 [info] <0.379.0>@lasp_sup:configure_defaults:239 Setting max events: 1000
2018-12-19 21:24:19.444 [info] <0.379.0>@lasp_sup:configure_defaults:244 Setting extended logging: false
2018-12-19 21:24:19.445 [info] <0.379.0>@lasp_sup:configure_defaults:249 Setting mailbox logging: false
2018-12-19 21:24:19.446 [info] <0.379.0>@lasp_sup:configure_defaults:254 Setting operation mode: state_based
2018-12-19 21:24:19.447 [info] <0.379.0>@lasp_sup:configure_defaults:259 Setting set type: orset
2018-12-19 21:24:19.450 [info] <0.379.0>@lasp_sup:configure_defaults:272 Setting broadcast: false
2018-12-19 21:24:19.477 [info] <0.379.0>@lasp_sup:init:88 Membership: false
2018-12-19 21:24:19.478 [info] <0.379.0>@lasp_sup:init:106 Workflow: false
2018-12-19 21:24:19.484 [info] <0.379.0>@lasp_sup:advertisement_counter_child_specs:393 AdClientEnabled: false
2018-12-19 21:24:19.486 [info] <0.379.0>@lasp_sup:advertisement_counter_child_specs:426 AdServerEnabled: false
2018-12-19 21:24:19.488 [info] <0.379.0>@lasp_sup:game_tournament_child_specs:456 TournClientEnabled: false
2018-12-19 21:24:19.489 [info] <0.379.0>@lasp_sup:game_tournament_child_specs:475 TournServerEnabled: false
2018-12-19 21:24:19.490 [info] <0.379.0>@lasp_sup:throughput_child_specs:498 ThroughputType: gset
2018-12-19 21:24:19.492 [info] <0.379.0>@lasp_sup:throughput_child_specs:506 ThroughputClientEnabled: false
2018-12-19 21:24:19.494 [info] <0.379.0>@lasp_sup:throughput_child_specs:525 ThroughputServerEnabled: false
2018-12-19 21:24:19.496 [info] <0.379.0>@lasp_sup:divergence_child_specs:548 DivergenceType: gcounter
2018-12-19 21:24:19.497 [info] <0.379.0>@lasp_sup:divergence_child_specs:556 DivergenceClientEnabled: false
2018-12-19 21:24:19.499 [info] <0.379.0>@lasp_sup:divergence_child_specs:575 DivergenceServerEnabled: false
2018-12-19 21:24:19.516 [info] <0.429.0>@lasp_ets_storage_backend:init:106 Backend initialized with pid: <0.429.0>
2018-12-19 21:24:19.516 [info] <0.428.0>@lasp_storage_backend:init:121 Backend lasp_ets_storage_backend initialized: <0.429.0>
2018-12-19 21:24:19.518 [info] <0.43.0> Application lasp started on node nonode@nohost
2018-12-19 21:24:19.520 [info] <0.43.0> Application file_system started on node nonode@nohost
2018-12-19 21:24:19.529 [info] <0.43.0> Application phoenix_live_reload started on node nonode@nohost
2018-12-19 21:24:19.529 [info] <0.43.0> Application phoenix_html started on node nonode@nohost
2018-12-19 21:24:19.531 [info] <0.43.0> Application plug_cowboy started on node nonode@nohost
2018-12-19 21:24:20.274 [warning] <0.279.0> lager_error_logger_h dropped 110 messages in the last second that exceeded the limit of 50 messages/sec
2018-12-19 21:24:28.581 [error] <0.570.0>@Elixir.WebsheetsWeb.UpdateChannel:handle_in:15 gen_server <0.570.0> terminated with reason: no function clause matching 'Elixir.WebsheetsWeb.UpdateChannel':handle_in(<<"client_update">>, #{<<"body">> => <<>>,<<"input_id">> => <<"i0,1">>}, #{'__struct__' => 'Elixir.Phoenix.Socket',assigns => #{},channel => 'Elixir.WebsheetsWeb.UpdateChannel',...}) line 15
2018-12-19 21:24:28.599 [error] <0.570.0>@Elixir.WebsheetsWeb.UpdateChannel:handle_in:15 CRASH REPORT Process <0.570.0> with 0 neighbours crashed with reason: no function clause matching 'Elixir.WebsheetsWeb.UpdateChannel':handle_in(<<"client_update">>, #{<<"body">> => <<>>,<<"input_id">> => <<"i0,1">>}, #{'__struct__' => 'Elixir.Phoenix.Socket',assigns => #{},channel => 'Elixir.WebsheetsWeb.UpdateChannel',...}) line 15
2018-12-19 21:24:31.198 [error] <0.573.0>@Elixir.WebsheetsWeb.UpdateChannel:handle_in:15 gen_server <0.573.0> terminated with reason: no function clause matching 'Elixir.WebsheetsWeb.UpdateChannel':handle_in(<<"client_update">>, #{<<"body">> => <<"2">>,<<"input_id">> => <<"i0,1">>}, #{'__struct__' => 'Elixir.Phoenix.Socket',assigns => #{},channel => 'Elixir.WebsheetsWeb.UpdateChannel',...}) line 15
2018-12-19 21:24:31.202 [error] <0.573.0>@Elixir.WebsheetsWeb.UpdateChannel:handle_in:15 CRASH REPORT Process <0.573.0> with 0 neighbours crashed with reason: no function clause matching 'Elixir.WebsheetsWeb.UpdateChannel':handle_in(<<"client_update">>, #{<<"body">> => <<"2">>,<<"input_id">> => <<"i0,1">>}, #{'__struct__' => 'Elixir.Phoenix.Socket',assigns => #{},channel => 'Elixir.WebsheetsWeb.UpdateChannel',...}) line 15
2018-12-19 21:27:12.952 [info] <0.43.0> Application lager started on node nonode@nohost
2018-12-19 21:27:12.956 [info] <0.43.0> Application types started on node nonode@nohost
2018-12-19 21:27:12.957 [info] <0.43.0> Application acceptor_pool started on node nonode@nohost
2018-12-19 21:27:12.958 [info] <0.43.0> Application rand_compat started on node nonode@nohost
2018-12-19 21:27:12.960 [info] <0.43.0> Application quickrand started on node nonode@nohost
2018-12-19 21:27:12.960 [info] <0.43.0> Application uuid started on node nonode@nohost
2018-12-19 21:27:12.969 [info] <0.299.0>@partisan_config:init:50 Distributed Erlang is not enabled, generating UUID.
2018-12-19 21:27:12.977 [info] <0.299.0>@partisan_config:init:53 Generated UUID: <<231,182,141,130,4,23,17,233,155,238,16,251,207,37,14,59>>, converting to string.
2018-12-19 21:27:12.977 [info] <0.299.0>@partisan_config:init:56 Generated name for node: 'e7b68d82-0417-11e9-9bee-10fbcf250e3b@127.0.0.1'
2018-12-19 21:27:12.983 [info] <0.301.0>@partisan_config:get_node_address:187 Resolving "127.0.0.1"...
2018-12-19 21:27:12.985 [info] <0.301.0>@partisan_config:get_node_address:190 Resolved "e7b68d82-0417-11e9-9bee-10fbcf250e3b@127.0.0.1" to {127,0,0,1}
2018-12-19 21:27:12.985 [info] <0.299.0>@partisan_config:get_node_address:207 Resolved "127.0.0.1" to {127,0,0,1}
2018-12-19 21:27:13.042 [info] <0.299.0>@partisan_sup:init:64 Partisan listening on {127,0,0,1}:51683 listen_addrs: [#{ip => {127,0,0,1},port => 51683}]
2018-12-19 21:27:13.075 [info] <0.43.0> Application partisan started on node nonode@nohost
2018-12-19 21:27:13.079 [info] <0.43.0> Application gen_flow started on node nonode@nohost
2018-12-19 21:27:13.089 [info] <0.43.0> Application sasl started on node nonode@nohost
2018-12-19 21:27:13.090 [info] <0.43.0> Application time_compat started on node nonode@nohost
2018-12-19 21:27:13.091 [info] <0.43.0> Application lasp_support started on node nonode@nohost
2018-12-19 21:27:13.099 [info] <0.43.0> Application plumtree started on node nonode@nohost
2018-12-19 21:27:13.102 [info] <0.379.0>@lasp_sup:configure_defaults:219 Setting jitter: false
2018-12-19 21:27:13.105 [info] <0.379.0>@lasp_sup:configure_defaults:224 Setting jitter percent: 1
2018-12-19 21:27:13.106 [info] <0.379.0>@lasp_sup:configure_defaults:229 Setting tutorial: false
2018-12-19 21:27:13.108 [info] <0.379.0>@lasp_sup:configure_defaults:234 Setting event interval: 0
2018-12-19 21:27:13.109 [info] <0.379.0>@lasp_sup:configure_defaults:239 Setting max events: 1000
2018-12-19 21:27:13.110 [info] <0.379.0>@lasp_sup:configure_defaults:244 Setting extended logging: false
2018-12-19 21:27:13.112 [info] <0.379.0>@lasp_sup:configure_defaults:249 Setting mailbox logging: false
2018-12-19 21:27:13.113 [info] <0.379.0>@lasp_sup:configure_defaults:254 Setting operation mode: state_based
2018-12-19 21:27:13.115 [info] <0.379.0>@lasp_sup:configure_defaults:259 Setting set type: orset
2018-12-19 21:27:13.119 [info] <0.379.0>@lasp_sup:configure_defaults:272 Setting broadcast: false
2018-12-19 21:27:13.145 [info] <0.379.0>@lasp_sup:init:88 Membership: false
2018-12-19 21:27:13.147 [info] <0.379.0>@lasp_sup:init:106 Workflow: false
2018-12-19 21:27:13.156 [info] <0.379.0>@lasp_sup:advertisement_counter_child_specs:393 AdClientEnabled: false
2018-12-19 21:27:13.159 [info] <0.379.0>@lasp_sup:advertisement_counter_child_specs:426 AdServerEnabled: false
2018-12-19 21:27:13.162 [info] <0.379.0>@lasp_sup:game_tournament_child_specs:456 TournClientEnabled: false
2018-12-19 21:27:13.165 [info] <0.379.0>@lasp_sup:game_tournament_child_specs:475 TournServerEnabled: false
2018-12-19 21:27:13.167 [info] <0.379.0>@lasp_sup:throughput_child_specs:498 ThroughputType: gset
2018-12-19 21:27:13.169 [info] <0.379.0>@lasp_sup:throughput_child_specs:506 ThroughputClientEnabled: false
2018-12-19 21:27:13.171 [info] <0.379.0>@lasp_sup:throughput_child_specs:525 ThroughputServerEnabled: false
2018-12-19 21:27:13.173 [info] <0.379.0>@lasp_sup:divergence_child_specs:548 DivergenceType: gcounter
2018-12-19 21:27:13.175 [info] <0.379.0>@lasp_sup:divergence_child_specs:556 DivergenceClientEnabled: false
2018-12-19 21:27:13.176 [info] <0.379.0>@lasp_sup:divergence_child_specs:575 DivergenceServerEnabled: false
2018-12-19 21:27:13.213 [info] <0.429.0>@lasp_ets_storage_backend:init:106 Backend initialized with pid: <0.429.0>
2018-12-19 21:27:13.213 [info] <0.428.0>@lasp_storage_backend:init:121 Backend lasp_ets_storage_backend initialized: <0.429.0>
2018-12-19 21:27:13.221 [info] <0.43.0> Application lasp started on node nonode@nohost
2018-12-19 21:27:13.223 [info] <0.43.0> Application file_system started on node nonode@nohost
2018-12-19 21:27:13.241 [info] <0.43.0> Application phoenix_live_reload started on node nonode@nohost
2018-12-19 21:27:13.242 [info] <0.43.0> Application phoenix_html started on node nonode@nohost
2018-12-19 21:27:13.246 [info] <0.43.0> Application plug_cowboy started on node nonode@nohost
2018-12-19 21:27:14.262 [warning] <0.279.0> lager_error_logger_h dropped 97 messages in the last second that exceeded the limit of 50 messages/sec
2018-12-19 21:37:46.626 [info] <0.43.0> Application lager started on node nonode@nohost
2018-12-19 21:37:46.630 [info] <0.43.0> Application types started on node nonode@nohost
2018-12-19 21:37:46.631 [info] <0.43.0> Application acceptor_pool started on node nonode@nohost
2018-12-19 21:37:46.632 [info] <0.43.0> Application rand_compat started on node nonode@nohost
2018-12-19 21:37:46.634 [info] <0.43.0> Application quickrand started on node nonode@nohost
2018-12-19 21:37:46.634 [info] <0.43.0> Application uuid started on node nonode@nohost
2018-12-19 21:37:46.636 [info] <0.299.0>@partisan_config:init:50 Distributed Erlang is not enabled, generating UUID.
2018-12-19 21:37:46.644 [info] <0.299.0>@partisan_config:init:53 Generated UUID: <<97,104,132,224,4,25,17,233,147,237,16,251,207,37,14,59>>, converting to string.
2018-12-19 21:37:46.644 [info] <0.299.0>@partisan_config:init:56 Generated name for node: '616884e0-0419-11e9-93ed-10fbcf250e3b@127.0.0.1'
2018-12-19 21:37:46.647 [info] <0.301.0>@partisan_config:get_node_address:187 Resolving "127.0.0.1"...
2018-12-19 21:37:46.649 [info] <0.301.0>@partisan_config:get_node_address:190 Resolved "616884e0-0419-11e9-93ed-10fbcf250e3b@127.0.0.1" to {127,0,0,1}
2018-12-19 21:37:46.649 [info] <0.299.0>@partisan_config:get_node_address:207 Resolved "127.0.0.1" to {127,0,0,1}
2018-12-19 21:37:46.701 [info] <0.299.0>@partisan_sup:init:64 Partisan listening on {127,0,0,1}:44047 listen_addrs: [#{ip => {127,0,0,1},port => 44047}]
2018-12-19 21:37:46.728 [info] <0.43.0> Application partisan started on node nonode@nohost
2018-12-19 21:37:46.734 [info] <0.43.0> Application gen_flow started on node nonode@nohost
2018-12-19 21:37:46.744 [info] <0.43.0> Application sasl started on node nonode@nohost
2018-12-19 21:37:46.745 [info] <0.43.0> Application time_compat started on node nonode@nohost
2018-12-19 21:37:46.746 [info] <0.43.0> Application lasp_support started on node nonode@nohost
2018-12-19 21:37:46.751 [info] <0.43.0> Application plumtree started on node nonode@nohost
2018-12-19 21:37:46.753 [info] <0.379.0>@lasp_sup:configure_defaults:219 Setting jitter: false
2018-12-19 21:37:46.756 [info] <0.379.0>@lasp_sup:configure_defaults:224 Setting jitter percent: 1
2018-12-19 21:37:46.757 [info] <0.379.0>@lasp_sup:configure_defaults:229 Setting tutorial: false
2018-12-19 21:37:46.759 [info] <0.379.0>@lasp_sup:configure_defaults:234 Setting event interval: 0
2018-12-19 21:37:46.760 [info] <0.379.0>@lasp_sup:configure_defaults:239 Setting max events: 1000
2018-12-19 21:37:46.762 [info] <0.379.0>@lasp_sup:configure_defaults:244 Setting extended logging: false
2018-12-19 21:37:46.765 [info] <0.379.0>@lasp_sup:configure_defaults:249 Setting mailbox logging: false
2018-12-19 21:37:46.769 [info] <0.379.0>@lasp_sup:configure_defaults:254 Setting operation mode: state_based
2018-12-19 21:37:46.770 [info] <0.379.0>@lasp_sup:configure_defaults:259 Setting set type: orset
2018-12-19 21:37:46.773 [info] <0.379.0>@lasp_sup:configure_defaults:272 Setting broadcast: false
2018-12-19 21:37:46.797 [info] <0.379.0>@lasp_sup:init:88 Membership: false
2018-12-19 21:37:46.800 [info] <0.379.0>@lasp_sup:init:106 Workflow: false
2018-12-19 21:37:46.807 [info] <0.379.0>@lasp_sup:advertisement_counter_child_specs:393 AdClientEnabled: false
2018-12-19 21:37:46.809 [info] <0.379.0>@lasp_sup:advertisement_counter_child_specs:426 AdServerEnabled: false
2018-12-19 21:37:46.811 [info] <0.379.0>@lasp_sup:game_tournament_child_specs:456 TournClientEnabled: false
2018-12-19 21:37:46.812 [info] <0.379.0>@lasp_sup:game_tournament_child_specs:475 TournServerEnabled: false
2018-12-19 21:37:46.813 [info] <0.379.0>@lasp_sup:throughput_child_specs:498 ThroughputType: gset
2018-12-19 21:37:46.815 [info] <0.379.0>@lasp_sup:throughput_child_specs:506 ThroughputClientEnabled: false
2018-12-19 21:37:46.816 [info] <0.379.0>@lasp_sup:throughput_child_specs:525 ThroughputServerEnabled: false
2018-12-19 21:37:46.817 [info] <0.379.0>@lasp_sup:divergence_child_specs:548 DivergenceType: gcounter
2018-12-19 21:37:46.819 [info] <0.379.0>@lasp_sup:divergence_child_specs:556 DivergenceClientEnabled: false
2018-12-19 21:37:46.820 [info] <0.379.0>@lasp_sup:divergence_child_specs:575 DivergenceServerEnabled: false
2018-12-19 21:37:46.840 [info] <0.429.0>@lasp_ets_storage_backend:init:106 Backend initialized with pid: <0.429.0>
2018-12-19 21:37:46.840 [info] <0.428.0>@lasp_storage_backend:init:121 Backend lasp_ets_storage_backend initialized: <0.429.0>
2018-12-19 21:37:46.842 [info] <0.43.0> Application lasp started on node nonode@nohost
2018-12-19 21:37:46.844 [info] <0.43.0> Application file_system started on node nonode@nohost
2018-12-19 21:37:46.851 [info] <0.43.0> Application phoenix_live_reload started on node nonode@nohost
2018-12-19 21:37:46.852 [info] <0.43.0> Application phoenix_html started on node nonode@nohost
2018-12-19 21:37:46.853 [info] <0.43.0> Application plug_cowboy started on node nonode@nohost
2018-12-19 21:37:47.279 [warning] <0.279.0> lager_error_logger_h dropped 110 messages in the last second that exceeded the limit of 50 messages/sec
